Mode: listen
Local UDP bind: 127.0.0.1:57135
Endpoint mode: manual/no-stun local fallback
Connection string:
jam2://v1?endpoint=127.0.0.1:57135&session=5b43aa1940e0ef76&key=81cde271ab6e21c8b32f4927d1d9b64c

Waiting for peer...
Peer locked: 127.0.0.1:57136
Handshake complete
Ignored malformed/auth/session packets: 0
Ignored wrong-endpoint packets: 0
Audio packets sent: 177
Audio packets received: 177
Send bitrate bps: 1.22342e+06
Receive bitrate bps: 1.22342e+06
Ignored audio packets: 0
Audio receive delay ms min: 0.024
Audio receive delay ms avg: 0.0811638
Audio receive delay ms max: 1.338
Audio interarrival jitter ms min: 1.09
Audio interarrival jitter ms avg: 4.66285
Audio interarrival jitter ms max: 28.894
PING sent: 5
PONG sent: 5
PONG received: 5
RTT ms min: 0.187
RTT ms avg: 0.3512
RTT ms max: 0.701
Sequence lost: 0
Sequence duplicate: 0
Sequence out_of_order: 0
Sequence late: 0
