Mode: listen
Local UDP bind: 127.0.0.1:62310
Endpoint mode: manual/no-stun local fallback
Connection string:
jam2://v1?endpoint=127.0.0.1:62310&session=9242ca8f730a5264&key=85017c9f72bc2ff447d5c256c5ad6b02

Waiting for peer...
Peer locked: 127.0.0.1:62311
Handshake complete
Ignored malformed/auth/session packets: 0
Ignored wrong-endpoint packets: 0
Audio packets sent: 188
Audio packets received: 188
Send bitrate bps: 1.29946e+06
Receive bitrate bps: 1.29946e+06
Ignored audio packets: 0
Audio receive delay ms min: 0.027
Audio receive delay ms avg: 0.544957
Audio receive delay ms max: 15.112
PING sent: 5
PONG sent: 5
PONG received: 5
RTT ms min: 0.221
RTT ms avg: 3.7526
RTT ms max: 15.363
Sequence lost: 0
Sequence duplicate: 0
Sequence out_of_order: 0
Sequence late: 0
ASIO callbacks: 48
Playback prefilled: yes
Playback prefill frames: 512
Playback prefill ms: 10.6667
Capture ring overruns frames: 0
Capture ring underruns frames: 512
Capture ring readable frames: 1024
Capture ring readable ms: 21.3333
Playback ring overruns frames: 0
Playback ring underruns frames: 0
Playback ring readable frames: 0
Playback ring readable ms: 0
