Mode: listen
Local UDP bind: 127.0.0.1:49463
Endpoint mode: manual/no-stun local fallback
Connection string:
jam2://v1?endpoint=127.0.0.1:49463&session=2ea890e4f4f8cdcb&key=06269aca3e563cc3ec428b4e17fb1fd3

Waiting for peer...
Peer locked: 127.0.0.1:49464
Handshake complete
Ignored malformed/auth/session packets: 0
Ignored wrong-endpoint packets: 0
Audio packets sent: 375
Audio packets received: 375
Send bitrate bps: 1.296e+06
Receive bitrate bps: 1.296e+06
Ignored audio packets: 0
Audio receive delay ms min: 0.025
Audio receive delay ms avg: 0.563317
Audio receive delay ms max: 16.387
PING sent: 10
PONG sent: 10
PONG received: 10
RTT ms min: 0.222
RTT ms avg: 4.5059
RTT ms max: 14.694
Sequence lost: 0
Sequence duplicate: 0
Sequence out_of_order: 0
Sequence late: 0
ASIO callbacks: 96
Playback prefilled: yes
Capture ring overruns frames: 0
Capture ring underruns frames: 512
Capture ring readable frames: 1664
Playback ring overruns frames: 0
Playback ring underruns frames: 1152
Playback ring readable frames: 0
