Mode: listen
Local UDP bind: 127.0.0.1:58644
Endpoint mode: manual/no-stun local fallback
Connection string:
jam2://v1?endpoint=127.0.0.1:58644&session=4a7c0f3e3c6bcfa2&key=3ee55e4aa01677be4b5331c17e8318cf

Waiting for peer...
Peer locked: 127.0.0.1:58645
Handshake complete
Ignored malformed/auth/session packets: 0
Ignored wrong-endpoint packets: 0
Audio packets sent: 366
Audio packets received: 366
Send bitrate bps: 1.2649e+06
Receive bitrate bps: 1.2649e+06
Ignored audio packets: 0
Audio receive delay us min: 23
Audio receive delay us avg: 175
Audio receive delay us max: 1336
PING sent: 10
PONG sent: 10
PONG received: 10
RTT us min: 247
RTT us avg: 2001
RTT us max: 15887
Sequence lost: 0
Sequence duplicate: 0
Sequence out_of_order: 0
Sequence late: 0
